<?xml version="1.0" encoding="UTF-8"?>
<!-- Generated by org.testng.reporters.JUnitReportReporter -->
<testsuite hostname="karna-81bf" failures="0" tests="1" name="com.karna.maven_testng_sample.LoginTestCase" time="4.838" errors="0" timestamp="2021-02-18T23:20:50 IST" skipped="0">
  <testcase classname="com.karna.maven_testng_sample.LoginTestCase" name="testEasy" time="4.838"/>
  <system-out/>
</testsuite> <!-- com.karna.maven_testng_sample.LoginTestCase -->
